Arguments: 
  C:\Program Files\nodejs\node.exe C:\Program Files (x86)\Yarn\bin\yarn.js add @angular/cli

PATH: 
  C:\ConEmuPack.170326\ConEmu\Scripts;C:\ConEmuPack.170326;C:\ConEmuPack.170326\ConEmu;C:\Program Files\Java\jdk1.8.0_171\bin;C:\ProgramData\Oracle\Java\javapath;C:\Program Files (x86)\NVIDIA Corporation\PhysX\Common;C:\Windows\system32;C:\Windows;C:\Windows\System32\Wbem;C:\Windows\System32\WindowsPowerShell\v1.0\;C:\Program Files\SafeNet\Authentication\SAC\x64;C:\Program Files\SafeNet\Authentication\SAC\x32;C:\Program Files\Borland\StarTeam SDK 14.0\lib;C:\Program Files\Borland\StarTeam SDK 14.0\bin;C:\Program Files (x86)\Silk\Silk Central 12.1\bin;C:\java\apache-maven-3.5.3\bin;C:\Program Files (x86)\Skype\Phone\;C:\Program Files (x86)\MySQL\MySQL Fabric 1.5.4 & MySQL Utilities 1.5.4 1.5\;C:\Program Files (x86)\MySQL\MySQL Fabric 1.5.4 & MySQL Utilities 1.5.4 1.5\Doctrine extensions for PHP\;C:\oraclexe\app\oracle\product\11.2.0\server\bin;C:\Python27;C:\Program Files\MongoDB\Server\3.2\bin\;C:\Program Files (x86)\Sennheiser\SoftphoneSDK\;C:\Program Files (x86)\Windows Kits\8.1\Windows Performance Toolkit\;C:\curl-7.54.1-win64-mingw\bin;C:\Program Files\Git\cmd;C:\Program Files (x86)\Yarn\bin\;C:\Program Files\nodejs\;C:\Users\rafael.bmenezes\AppData\Local\atom\bin;C:\Program Files (x86)\Microsoft VS Code\bin;C:\Program Files\Heroku\bin;C:\Users\rafael.bmenezes\AppData\Local\Yarn\bin;C:\Users\rafael.bmenezes\AppData\Roaming\npm

Yarn version: 
  1.7.0

Node version: 
  10.6.0

Platform: 
  win32 x64

Trace: 
  Error: EPERM: operation not permitted, copyfile 'C:\Users\rafael.bmenezes\AppData\Local\Yarn\Cache\v1\npm-ace-builds-1.3.3-c9746028d1485e5d7595fb2e825e665bd6648970\demo\bookmarklet\style.css' -> 'C:\projetos\angular2-cli-node-mongo\node_modules\ace-builds\demo\bookmarklet\style.css'

npm manifest: 
  {
    "name": "mean-2-test-app",
    "version": "1.0.0",
    "license": "MIT",
    "angular-cli": {},
    "config": {
      "port": "3001"
    },
    "engines": {
      "node": ">=8.11.1"
    },
    "scripts": {
      "lint": "tslint \"src/**/*.ts\"",
      "conc:example": "concurrently \"npm run build:server\" \"nodemon ./server/dist/server.js\" ",
      "start": "npm run build:client && npm run server",
      "server": "tsc-watch -p ./server --onSuccess \"node ./server/dist/server.js\" ",
      "build:server": "tsc -p ./server",
      "build:server:watch": "tsc -w -p ./server",
      "build:client": "ng build",
      "run:client": "ng serve",
      "client": "npm run build:client && npm run run:client"
    },
    "private": true,
    "dependencies": {
      "@agm/core": "1.0.0-beta.2",
      "@angular/animations": "5.2.1",
      "@angular/common": "5.2.1",
      "@angular/compiler": "5.2.1",
      "@angular/core": "5.2.1",
      "@angular/forms": "5.2.1",
      "@angular/http": "5.2.1",
      "@angular/platform-browser": "5.2.1",
      "@angular/platform-browser-dynamic": "5.2.1",
      "@angular/router": "5.2.1",
      "@angular/upgrade": "5.2.1",
      "@toverux/ngx-sweetalert2": "^4.0.0",
      "angular-calendar": "0.23.2",
      "angular-tree-component": "7.1.0",
      "angular2-datatable": "0.6.0",
      "angular2-jwt": "^0.1.22",
      "angular2-ladda": "1.2.3",
      "angular2-notifications": "^1.0.1",
      "angular2-text-mask": "8.0.4",
      "angular2-toaster": "4.0.1",
      "body-parser": "^1.15.2",
      "bootstrap": "4.0.0",
      "brace": "0.11.0",
      "chart.js": "2.7.1",
      "codemirror": "5.33.0",
      "cookie-parser": "^1.4.3",
      "core-js": "2.5.3",
      "cors": "^2.8.4",
      "dragula": "3.7.2",
      "flag-icon-css": "2.9.0",
      "font-awesome": "^4.7.0",
      "jquery": "^3.1.1",
      "jquery-mask-plugin": "^1.14.10",
      "lodash": "^4.17.4",
      "moment": "2.20.1",
      "ng-select": "1.0.0-rc.3",
      "ng-semantic": "^1.1.3",
      "ng2-ace-editor": "0.3.4",
      "ng2-charts": "1.6.0",
      "ng2-dragula": "1.5.0",
      "ng2-select": "1.2.0",
      "ngx-bootstrap": "2.0.0-rc.0",
      "ngx-quill": "2.0.4",
      "node-fetch": "^2.1.2",
      "reflect-metadata": "^0.1.10",
      "rxjs": "5.5.6",
      "simple-line-icons": "^2.4.1",
      "spinkit": "1.2.5",
      "sweetalert2": "^7.20.8",
      "ts-helpers": "1.1.2",
      "typedi": "^0.4.3",
      "yargs": "^4.8.1",
      "zone.js": "0.8.18"
    },
    "devDependencies": {
      "@angular/cli": "1.6.5",
      "@angular/compiler-cli": "5.2.1",
      "@angular/language-service": "5.2.1",
      "@types/body-parser": "0.0.32",
      "@types/express": "^4.0.32",
      "@types/jasmine": "2.8.3",
      "@types/jasminewd2": "2.0.3",
      "@types/jquery": "^2.0.40",
      "@types/jquery-mask-plugin": "^1.14.1",
      "@types/jsonwebtoken": "^7.1.31",
      "@types/lodash": "4.14.57",
      "@types/mongodb": "2.2.7",
      "@types/node": "9.3.0",
      "@types/reflect-metadata": "0.0.5",
      "@types/serve-favicon": "^2.2.27",
      "body-parser": "^1.15.2",
      "codelyzer": "4.3.0",
      "concurrently": "^2.2.0",
      "debug": "^2.2.0",
      "express": "^4.14.0",
      "express-jwt": "^3.3.0",
      "express-logging": "^1.1.1",
      "forever": "^0.15.2",
      "https-proxy-agent": "^2.2.1",
      "jasmine-core": "2.8.0",
      "jasmine-spec-reporter": "4.2.1",
      "jsonwebtoken": "^5.7.0",
      "karma": "2.0.0",
      "karma-chrome-launcher": "2.2.0",
      "karma-cli": "1.0.1",
      "karma-coverage-istanbul-reporter": "1.3.3",
      "karma-jasmine": "1.1.1",
      "karma-jasmine-html-reporter": "0.2.2",
      "logops": "^1.0.7",
      "mongodb": "3.0.7",
      "nodemon": "^1.11.0",
      "protractor": "5.2.2",
      "querystring": "^0.2.0",
      "request": "^2.87.0",
      "serve-favicon": "~2.3.0",
      "ts-node": "4.1.0",
      "tsc-watch": "^1.0.21",
      "tslint": "5.9.1",
      "typescript": "2.5.3",
      "watch": "1.0.2"
    }
  }

yarn manifest: 
  No manifest

Lockfile: 
  No lockfile
